2026-07-07 10:30:49,504 [INFO] dashboard: Dashboard mounted at /dashboard/ (serving from 'C:\Users\Tapas\AI-cyber-security-and-system-health-monitor-v1.0\AI-cyber-security-and-system-health-monitor-v1.0\dashboard\dist').
2026-07-07 10:30:49,565 [INFO] database: Database initialized successfully at 'system_monitor.db'.
2026-07-07 10:30:49,568 [INFO] ai_engine: Isolation Forest initialized: n_estimators=100 contamination=auto
2026-07-07 10:30:49,569 [INFO] ai_engine: No saved model found at 'C:\Users\Tapas\AI-cyber-security-and-system-health-monitor-v1.0\AI-cyber-security-and-system-health-monitor-v1.0\models\isolation_forest.joblib'. Will train from scratch once 10 samples are collected.
2026-07-07 10:30:49,571 [INFO] __main__: API server thread launched.
2026-07-07 10:30:49,646 [INFO] __main__: Starting FastAPI server on http://127.0.0.1:8000
2026-07-07 10:30:49,791 [INFO] database: Database initialized successfully at 'system_monitor.db'.
2026-07-07 10:30:49,792 [INFO] api: API startup complete: database initialized.
2026-07-07 10:30:54,032 [INFO] database: Inserted test_run row with id=1.
2026-07-07 10:30:54,040 [INFO] __main__: Stamped Run 1 header into CSV files.
2026-07-07 10:30:54,041 [INFO] __main__: Monitoring loop started for run_id=1.
2026-07-07 10:30:54,042 [INFO] __main__: start_monitoring() succeeded; run_id=1.
2026-07-07 10:30:55,102 [WARNING] config: ALERT triggered for RAM: value=88.70 exceeded threshold=85.00
2026-07-07 10:30:55,103 [INFO] config: Collected system metrics: CPU=10.7% RAM=88.7% DISK=67.6% NET_SENT=0.000MB NET_RECV=0.000MB
2026-07-07 10:31:12,340 [INFO] config: Collected top 5 processes by CPU usage.
2026-07-07 10:31:13,398 [WARNING] config: ALERT triggered for RAM: value=87.20 exceeded threshold=85.00
2026-07-07 10:31:13,398 [INFO] config: Collected system metrics: CPU=16.4% RAM=87.2% DISK=67.6% NET_SENT=0.075MB NET_RECV=0.037MB
2026-07-07 10:31:31,968 [INFO] config: Collected top 5 processes by CPU usage.
2026-07-07 10:31:33,025 [WARNING] config: ALERT triggered for RAM: value=88.10 exceeded threshold=85.00
2026-07-07 10:31:33,026 [INFO] config: Collected system metrics: CPU=32.0% RAM=88.1% DISK=67.6% NET_SENT=0.061MB NET_RECV=0.124MB
2026-07-07 10:31:51,042 [INFO] config: Collected top 5 processes by CPU usage.
2026-07-07 10:31:52,138 [WARNING] config: ALERT triggered for RAM: value=88.10 exceeded threshold=85.00
2026-07-07 10:31:52,139 [INFO] config: Collected system metrics: CPU=11.8% RAM=88.1% DISK=67.6% NET_SENT=0.038MB NET_RECV=0.120MB
2026-07-07 10:32:09,845 [INFO] config: Collected top 5 processes by CPU usage.
2026-07-07 10:32:10,925 [WARNING] config: ALERT triggered for RAM: value=88.00 exceeded threshold=85.00
2026-07-07 10:32:10,926 [INFO] config: Collected system metrics: CPU=8.8% RAM=88.0% DISK=67.6% NET_SENT=0.033MB NET_RECV=0.021MB
2026-07-07 10:32:29,375 [INFO] config: Collected top 5 processes by CPU usage.
2026-07-07 10:32:30,417 [WARNING] config: ALERT triggered for RAM: value=88.70 exceeded threshold=85.00
2026-07-07 10:32:30,417 [INFO] config: Collected system metrics: CPU=14.7% RAM=88.7% DISK=67.6% NET_SENT=0.063MB NET_RECV=0.235MB
2026-07-07 10:32:38,308 [INFO] config: Collected top 5 processes by CPU usage.
2026-07-07 10:32:38,330 [INFO] __main__: Monitoring loop exited cleanly for run_id=1.
2026-07-07 10:32:38,332 [INFO] config: Generated run summary: duration=104.35s avg_cpu=15.73% avg_ram=88.13% avg_disk=67.60% alerts=6
2026-07-07 10:32:38,353 [INFO] database: Updated test_run id=1 with end_time and final alert_count.
2026-07-07 10:32:38,354 [INFO] __main__: stop_monitoring() completed for run_id=1.
2026-07-07 11:15:20,741 [INFO] dashboard: Dashboard mounted at /dashboard/ (serving from 'C:\Users\Tapas\AI-cyber-security-and-system-health-monitor-v1.0\AI-cyber-security-and-system-health-monitor-v1.0\dashboard\dist').
2026-07-07 11:15:20,759 [INFO] database: Database initialized successfully at 'system_monitor.db'.
2026-07-07 11:15:20,759 [INFO] ai_engine: Isolation Forest initialized: n_estimators=100 contamination=auto
2026-07-07 11:15:20,759 [INFO] ai_engine: No saved model found at 'C:\Users\Tapas\AI-cyber-security-and-system-health-monitor-v1.0\AI-cyber-security-and-system-health-monitor-v1.0\models\isolation_forest.joblib'. Will train from scratch once 10 samples are collected.
2026-07-07 11:15:20,771 [INFO] __main__: API server thread launched.
2026-07-07 11:15:20,878 [INFO] __main__: Starting FastAPI server on http://127.0.0.1:8000
2026-07-07 11:15:21,069 [INFO] database: Database initialized successfully at 'system_monitor.db'.
2026-07-07 11:15:21,071 [INFO] api: API startup complete: database initialized.
2026-07-07 11:15:27,094 [INFO] database: Inserted test_run row with id=2.
2026-07-07 11:15:27,100 [INFO] __main__: Stamped Run 2 header into CSV files.
2026-07-07 11:15:27,102 [INFO] __main__: Monitoring loop started for run_id=2.
2026-07-07 11:15:27,102 [INFO] __main__: start_monitoring() succeeded; run_id=2.
2026-07-07 11:15:28,156 [WARNING] config: ALERT triggered for RAM: value=94.70 exceeded threshold=85.00
2026-07-07 11:15:28,157 [INFO] config: Collected system metrics: CPU=4.9% RAM=94.7% DISK=67.5% NET_SENT=0.000MB NET_RECV=0.000MB
2026-07-07 11:15:41,720 [INFO] config: Collected top 5 processes by CPU usage.
2026-07-07 11:15:42,776 [WARNING] config: ALERT triggered for RAM: value=94.60 exceeded threshold=85.00
2026-07-07 11:15:42,776 [INFO] config: Collected system metrics: CPU=30.1% RAM=94.6% DISK=67.5% NET_SENT=0.071MB NET_RECV=0.713MB
2026-07-07 11:15:58,966 [INFO] config: Collected top 5 processes by CPU usage.
2026-07-07 11:16:00,020 [WARNING] config: ALERT triggered for RAM: value=94.80 exceeded threshold=85.00
2026-07-07 11:16:00,021 [INFO] config: Collected system metrics: CPU=12.8% RAM=94.8% DISK=67.5% NET_SENT=0.323MB NET_RECV=2.951MB
2026-07-07 11:16:18,765 [INFO] config: Collected top 5 processes by CPU usage.
2026-07-07 11:16:19,866 [WARNING] config: ALERT triggered for RAM: value=95.50 exceeded threshold=85.00
2026-07-07 11:16:19,868 [INFO] config: Collected system metrics: CPU=12.1% RAM=95.5% DISK=67.5% NET_SENT=0.143MB NET_RECV=1.898MB
2026-07-07 11:16:40,841 [INFO] config: Collected top 5 processes by CPU usage.
2026-07-07 11:16:41,896 [WARNING] config: ALERT triggered for RAM: value=93.50 exceeded threshold=85.00
2026-07-07 11:16:41,897 [INFO] config: Collected system metrics: CPU=10.0% RAM=93.5% DISK=67.5% NET_SENT=0.062MB NET_RECV=0.141MB
2026-07-07 11:17:01,368 [INFO] config: Collected top 5 processes by CPU usage.
2026-07-07 11:17:02,429 [WARNING] config: ALERT triggered for RAM: value=93.60 exceeded threshold=85.00
2026-07-07 11:17:02,429 [INFO] config: Collected system metrics: CPU=21.9% RAM=93.6% DISK=67.5% NET_SENT=0.006MB NET_RECV=0.006MB
2026-07-07 11:17:16,291 [INFO] config: Collected top 5 processes by CPU usage.
2026-07-07 11:17:16,339 [INFO] __main__: Monitoring loop exited cleanly for run_id=2.
2026-07-07 11:17:16,339 [INFO] config: Generated run summary: duration=109.27s avg_cpu=15.30% avg_ram=94.45% avg_disk=67.50% alerts=6
2026-07-07 11:17:16,356 [INFO] database: Updated test_run id=2 with end_time and final alert_count.
2026-07-07 11:17:16,359 [INFO] __main__: stop_monitoring() completed for run_id=2.
